C:\USERS\SEAN\DOCUMENTS\VISUAL STUDIO 2008\PROJECTS\VOA\VOA\DEBUG\ABOUT.OBJ
C:\USERS\SEAN\DOCUMENTS\VISUAL STUDIO 2008\PROJECTS\VOA\VOA\DEBUG\BASICOBJECT.OBJ
C:\USERS\SEAN\DOCUMENTS\VISUAL STUDIO 2008\PROJECTS\VOA\VOA\DEBUG\FONT.OBJ
C:\USERS\SEAN\DOCUMENTS\VISUAL STUDIO 2008\PROJECTS\VOA\VOA\DEBUG\GAMEMODE.OBJ
C:\USERS\SEAN\DOCUMENTS\VISUAL STUDIO 2008\PROJECTS\VOA\VOA\DEBUG\GLSHADER.OBJ
C:\USERS\SEAN\DOCUMENTS\VISUAL STUDIO 2008\PROJECTS\VOA\VOA\DEBUG\GLSHADERPROGRAM.OBJ
C:\USERS\SEAN\DOCUMENTS\VISUAL STUDIO 2008\PROJECTS\VOA\VOA\DEBUG\MAIN.OBJ
C:\USERS\SEAN\DOCUMENTS\VISUAL STUDIO 2008\PROJECTS\VOA\VOA\DEBUG\KEYHANDLER.OBJ
C:\USERS\SEAN\DOCUMENTS\VISUAL STUDIO 2008\PROJECTS\VOA\VOA\DEBUG\MAINMENU.OBJ
C:\USERS\SEAN\DOCUMENTS\VISUAL STUDIO 2008\PROJECTS\VOA\VOA\DEBUG\ENTITY.OBJ
C:\USERS\SEAN\DOCUMENTS\VISUAL STUDIO 2008\PROJECTS\VOA\VOA\DEBUG\MESH.OBJ
C:\USERS\SEAN\DOCUMENTS\VISUAL STUDIO 2008\PROJECTS\VOA\VOA\DEBUG\PARTICLESYSTEM.OBJ
C:\USERS\SEAN\DOCUMENTS\VISUAL STUDIO 2008\PROJECTS\VOA\VOA\DEBUG\PLANE.OBJ
C:\USERS\SEAN\DOCUMENTS\VISUAL STUDIO 2008\PROJECTS\VOA\VOA\DEBUG\SCENE.OBJ
C:\USERS\SEAN\DOCUMENTS\VISUAL STUDIO 2008\PROJECTS\VOA\VOA\DEBUG\SDLWIN.OBJ
C:\USERS\SEAN\DOCUMENTS\VISUAL STUDIO 2008\PROJECTS\VOA\VOA\DEBUG\SHIP.OBJ
C:\USERS\SEAN\DOCUMENTS\VISUAL STUDIO 2008\PROJECTS\VOA\VOA\DEBUG\TEXTUREMANAGER.OBJ
C:\USERS\SEAN\DOCUMENTS\VISUAL STUDIO 2008\PROJECTS\VOA\VOA\DEBUG\VC110.PDB
C:\USERS\SEAN\DOCUMENTS\VISUAL STUDIO 2008\PROJECTS\VOA\DEBUG\VOA.ILK
C:\USERS\SEAN\DOCUMENTS\VISUAL STUDIO 2008\PROJECTS\VOA\DEBUG\VOA.EXE
C:\USERS\SEAN\DOCUMENTS\VISUAL STUDIO 2008\PROJECTS\VOA\DEBUG\VOA.PDB
C:\Users\Sean\Documents\Visual Studio 2008\Projects\VoA\VoA\Debug\About.obj
C:\Users\Sean\Documents\Visual Studio 2008\Projects\VoA\VoA\Debug\BasicObject.obj
C:\Users\Sean\Documents\Visual Studio 2008\Projects\VoA\VoA\Debug\Entity.obj
C:\Users\Sean\Documents\Visual Studio 2008\Projects\VoA\VoA\Debug\Font.obj
C:\Users\Sean\Documents\Visual Studio 2008\Projects\VoA\VoA\Debug\GameMode.obj
C:\Users\Sean\Documents\Visual Studio 2008\Projects\VoA\VoA\Debug\GLShader.obj
C:\Users\Sean\Documents\Visual Studio 2008\Projects\VoA\VoA\Debug\GLShaderProgram.obj
C:\Users\Sean\Documents\Visual Studio 2008\Projects\VoA\VoA\Debug\KeyHandler.obj
C:\Users\Sean\Documents\Visual Studio 2008\Projects\VoA\VoA\Debug\main.obj
C:\Users\Sean\Documents\Visual Studio 2008\Projects\VoA\VoA\Debug\MainMenu.obj
C:\Users\Sean\Documents\Visual Studio 2008\Projects\VoA\VoA\Debug\Mesh.obj
C:\Users\Sean\Documents\Visual Studio 2008\Projects\VoA\VoA\Debug\particlesystem.obj
C:\Users\Sean\Documents\Visual Studio 2008\Projects\VoA\VoA\Debug\Plane.obj
C:\Users\Sean\Documents\Visual Studio 2008\Projects\VoA\VoA\Debug\Scene.obj
C:\Users\Sean\Documents\Visual Studio 2008\Projects\VoA\VoA\Debug\SDLWin.obj
C:\Users\Sean\Documents\Visual Studio 2008\Projects\VoA\VoA\Debug\ship.obj
C:\Users\Sean\Documents\Visual Studio 2008\Projects\VoA\VoA\Debug\TextureManager.obj
C:\Users\Sean\Documents\Visual Studio 2008\Projects\VoA\VoA\Debug\cl.command.1.tlog
C:\Users\Sean\Documents\Visual Studio 2008\Projects\VoA\VoA\Debug\CL.read.1.tlog
C:\Users\Sean\Documents\Visual Studio 2008\Projects\VoA\VoA\Debug\CL.write.1.tlog
C:\Users\Sean\Documents\Visual Studio 2008\Projects\VoA\VoA\Debug\link-cvtres.read.1.tlog
C:\Users\Sean\Documents\Visual Studio 2008\Projects\VoA\VoA\Debug\link-cvtres.write.1.tlog
C:\Users\Sean\Documents\Visual Studio 2008\Projects\VoA\VoA\Debug\link-rc.read.1.tlog
C:\Users\Sean\Documents\Visual Studio 2008\Projects\VoA\VoA\Debug\link-rc.write.1.tlog
C:\Users\Sean\Documents\Visual Studio 2008\Projects\VoA\VoA\Debug\link.command.1.tlog
C:\Users\Sean\Documents\Visual Studio 2008\Projects\VoA\VoA\Debug\link.read.1.tlog
C:\Users\Sean\Documents\Visual Studio 2008\Projects\VoA\VoA\Debug\link.write.1.tlog
C:\Users\Sean\Documents\Visual Studio 2008\Projects\VoA\VoA\Debug\vc110.idb
C:\Users\Sean\Documents\Visual Studio 2008\Projects\VoA\VoA\Debug\vc110.pdb
C:\Users\Sean\Documents\Visual Studio 2008\Projects\VoA\Debug\VoA.pdb
C:\Users\Sean\Documents\Visual Studio 2008\Projects\VoA\Debug\VoA.exe
C:\Users\Sean\Documents\Visual Studio 2008\Projects\VoA\Debug\VoA.ilk
